#
# There is insufficient memory for the Java Runtime Environment to continue.
# Native memory allocation (malloc) failed to allocate 32744 bytes for ChunkPool::allocate
# Possible reasons:
#   The system is out of physical RAM or swap space
#   The process is running with CompressedOops enabled, and the Java Heap may be blocking the growth of the native heap
# Possible solutions:
#   Reduce memory load on the system
#   Increase physical memory or swap space
#   Check if swap backing store is full
#   Decrease Java heap size (-Xmx/-Xms)
#   Decrease number of Java threads
#   Decrease Java thread stack sizes (-Xss)
#   Set larger code cache with -XX:ReservedCodeCacheSize=
#   JVM is running with Unscaled Compressed Oops mode in which the Java heap is
#     placed in the first 4GB address space. The Java Heap base address is the
#     maximum limit for the native heap growth. Please use -XX:HeapBaseMinAddress
#     to set the Java Heap base and to place the Java Heap above 4GB virtual address.
# This output file may be truncated or incomplete.
#
#  Out of Memory Error (allocation.cpp:272), pid=12932, tid=0x0000000000002460
#
# JRE version: Java(TM) SE Runtime Environment (8.0_281-b09) (build 1.8.0_281-b09)
# Java VM: Java HotSpot(TM) 64-Bit Server VM (25.281-b09 mixed mode windows-amd64 compressed oops)
# Failed to write core dump. Minidumps are not enabled by default on client versions of Windows
#

---------------  T H R E A D  ---------------

Current thread (0x0000017d6e042000):  JavaThread "C2 CompilerThread1" daemon [_thread_in_native, id=9312, stack(0x00000040f2a00000,0x00000040f2b00000)]

Stack: [0x00000040f2a00000,0x00000040f2b00000]
Native frames: (J=compiled Java code, j=interpreted, Vv=VM code, C=native code)
V  [jvm.dll+0x32e5b9]


Current CompileTask:
C2:    387  205       4       jdk.internal.org.objectweb.asm.ByteVector::putUTF8 (142 bytes)


---------------  P R O C E S S  ---------------

Java Threads: ( => current thread )
  0x0000017d6eba9800 JavaThread "Service Thread" daemon [_thread_blocked, id=8728, stack(0x00000040f2c00000,0x00000040f2d00000)]
  0x0000017d6eb5b800 JavaThread "C1 CompilerThread2" daemon [_thread_blocked, id=11940, stack(0x00000040f2b00000,0x00000040f2c00000)]
=>0x0000017d6e042000 JavaThread "C2 CompilerThread1" daemon [_thread_in_native, id=9312, stack(0x00000040f2a00000,0x00000040f2b00000)]
  0x0000017d6dff3800 JavaThread "C2 CompilerThread0" daemon [_thread_blocked, id=16076, stack(0x00000040f2900000,0x00000040f2a00000)]
  0x0000017d6e03f800 JavaThread "Monitor Ctrl-Break" daemon [_thread_in_native, id=10464, stack(0x00000040f2800000,0x00000040f2900000)]
  0x0000017d6df70000 JavaThread "Attach Listener" daemon [_thread_blocked, id=2404, stack(0x00000040f2700000,0x00000040f2800000)]
  0x0000017d6df6f000 JavaThread "Signal Dispatcher" daemon [_thread_blocked, id=7108, stack(0x00000040f2600000,0x00000040f2700000)]
  0x0000017d6df4b800 JavaThread "Finalizer" daemon [_thread_blocked, id=12336, stack(0x00000040f2500000,0x00000040f2600000)]
  0x0000017d6d80e000 JavaThread "Reference Handler" daemon [_thread_blocked, id=9736, stack(0x00000040f2400000,0x00000040f2500000)]
  0x0000017d578bb000 JavaThread "main" [_thread_in_vm, id=12540, stack(0x00000040f1d00000,0x00000040f1e00000)]

Other Threads:
  0x0000017d6df23800 VMThread [stack: 0x00000040f2300000,0x00000040f2400000] [id=2128]
  0x0000017d6ebb3000 WatcherThread [stack: 0x00000040f2d00000,0x00000040f2e00000] [id=10288]

VM state:not at safepoint (normal execution)

VM Mutex/Monitor currently owned by a thread: None

heap address: 0x0000000081800000, size: 2024 MB, Compressed Oops mode: 32-bit
Narrow klass base: 0x0000000000000000, Narrow klass shift: 3
Compressed class space size: 1073741824 Address: 0x0000000100000000

Heap:
 PSYoungGen      total 38400K, used 4846K [0x00000000d5d80000, 0x00000000d8800000, 0x0000000100000000)
  eden space 33280K, 14% used [0x00000000d5d80000,0x00000000d623ba18,0x00000000d7e00000)
  from space 5120K, 0% used [0x00000000d8300000,0x00000000d8300000,0x00000000d8800000)
  to   space 5120K, 0% used [0x00000000d7e00000,0x00000000d7e00000,0x00000000d8300000)
 ParOldGen       total 87552K, used 0K [0x0000000081800000, 0x0000000086d80000, 0x00000000d5d80000)
  object space 87552K, 0% used [0x0000000081800000,0x0000000081800000,0x0000000086d80000)
 Metaspace       used 4699K, capacity 4920K, committed 4992K, reserved 1056768K
  class space    used 521K, capacity 606K, committed 640K, reserved 1048576K

Card table byte_map: [0x0000017d684f0000,0x0000017d688f0000] byte_map_base: 0x0000017d680e4000

Marking Bits: (ParMarkBitMap*) 0x000000006d376ff0
 Begin Bits: [0x0000017d68ba0000, 0x0000017d6ab40000)
 End Bits:   [0x0000017d6ab40000, 0x0000017d6cae0000)

Polling page: 0x0000017d57840000

CodeCache: size=245760Kb used=1510Kb max_used=1510Kb free=244249Kb
 bounds [0x0000017d59130000, 0x0000017d593a0000, 0x0000017d68130000]
 total_blobs=504 nmethods=220 adapters=197
 compilation: enabled

Compilation events (10 events):
Event: 0.371 Thread 0x0000017d6eb5b800  185       3       java.lang.invoke.InvokerBytecodeGenerator::isStaticallyNameable (116 bytes)
Event: 0.373 Thread 0x0000017d6eb5b800 nmethod 185 0x0000017d5928ea50 code [0x0000017d5928edc0, 0x0000017d59290ea0]
Event: 0.373 Thread 0x0000017d6eb5b800  187       3       jdk.internal.org.objectweb.asm.Item::isEqualTo (354 bytes)
Event: 0.374 Thread 0x0000017d6eb5b800 nmethod 187 0x0000017d59291fd0 code [0x0000017d59292200, 0x0000017d59292ed0]
Event: 0.374 Thread 0x0000017d6eb5b800  196       3       java.util.concurrent.ConcurrentHashMap::get (162 bytes)
Event: 0.374 Thread 0x0000017d6eb5b800 nmethod 196 0x0000017d59293290 code [0x0000017d592934a0, 0x0000017d59294020]
Event: 0.374 Thread 0x0000017d6eb5b800  197       3       jdk.internal.org.objectweb.asm.Type::getType (269 bytes)
Event: 0.375 Thread 0x0000017d6eb5b800 nmethod 197 0x0000017d592945d0 code [0x0000017d592947c0, 0x0000017d592950b8]
Event: 0.375 Thread 0x0000017d6eb5b800  192       3       jdk.internal.org.objectweb.asm.Frame::execute (2252 bytes)
Event: 0.377 Thread 0x0000017d6e042000  205       4       jdk.internal.org.objectweb.asm.ByteVector::putUTF8 (142 bytes)

GC Heap History (0 events):
No events

Deoptimization events (0 events):
No events

Classes redefined (0 events):
No events

Internal exceptions (9 events):
Event: 0.076 Thread 0x0000017d578bb000 Exception <a 'java/lang/NoSuchMethodError': Method sun.misc.Unsafe.defineClass(Ljava/lang/String;[BII)Ljava/lang/Class; name or signature does not match> (0x00000000d5d87cc0) thrown at [C:\jenkins\workspace\8-2-build-windows-amd64-cygwin\jdk8u281\880\hots
Event: 0.077 Thread 0x0000017d578bb000 Exception <a 'java/lang/NoSuchMethodError': Method sun.misc.Unsafe.prefetchRead(Ljava/lang/Object;J)V name or signature does not match> (0x00000000d5d87fa8) thrown at [C:\jenkins\workspace\8-2-build-windows-amd64-cygwin\jdk8u281\880\hotspot\src\share\vm\p
Event: 0.291 Thread 0x0000017d578bb000 Exception <a 'java/security/PrivilegedActionException'> (0x00000000d609d720) thrown at [C:\jenkins\workspace\8-2-build-windows-amd64-cygwin\jdk8u281\880\hotspot\src\share\vm\prims\jvm.cpp, line 1512]
Event: 0.291 Thread 0x0000017d578bb000 Exception <a 'java/security/PrivilegedActionException'> (0x00000000d609d930) thrown at [C:\jenkins\workspace\8-2-build-windows-amd64-cygwin\jdk8u281\880\hotspot\src\share\vm\prims\jvm.cpp, line 1512]
Event: 0.293 Thread 0x0000017d578bb000 Exception <a 'java/security/PrivilegedActionException'> (0x00000000d60a1840) thrown at [C:\jenkins\workspace\8-2-build-windows-amd64-cygwin\jdk8u281\880\hotspot\src\share\vm\prims\jvm.cpp, line 1512]
Event: 0.293 Thread 0x0000017d578bb000 Exception <a 'java/security/PrivilegedActionException'> (0x00000000d60a1a50) thrown at [C:\jenkins\workspace\8-2-build-windows-amd64-cygwin\jdk8u281\880\hotspot\src\share\vm\prims\jvm.cpp, line 1512]
Event: 0.311 Thread 0x0000017d578bb000 Exception <a 'java/io/FileNotFoundException'> (0x00000000d60af398) thrown at [C:\jenkins\workspace\8-2-build-windows-amd64-cygwin\jdk8u281\880\hotspot\src\share\vm\prims\jni.cpp, line 710]
Event: 0.376 Thread 0x0000017d578bb000 Exception <a 'java/lang/NoSuchFieldError': method resolution failed> (0x00000000d61df6b8) thrown at [C:\jenkins\workspace\8-2-build-windows-amd64-cygwin\jdk8u281\880\hotspot\src\share\vm\prims\methodHandles.cpp, line 1169]
Event: 0.379 Thread 0x0000017d578bb000 Exception <a 'java/lang/NoSuchFieldError': method resolution failed> (0x00000000d61ed530) thrown at [C:\jenkins\workspace\8-2-build-windows-amd64-cygwin\jdk8u281\880\hotspot\src\share\vm\prims\methodHandles.cpp, line 1169]

Events (10 events):
Event: 0.355 loading class java/lang/invoke/WrongMethodTypeException
Event: 0.355 loading class java/lang/invoke/WrongMethodTypeException done
Event: 0.357 loading class java/lang/invoke/MethodHandleImpl$Lazy
Event: 0.357 loading class java/lang/invoke/MethodHandleImpl$Lazy done
Event: 0.357 loading class java/lang/invoke/MethodHandleImpl$IntrinsicMethodHandle
Event: 0.357 loading class java/lang/invoke/MethodHandleImpl$IntrinsicMethodHandle done
Event: 0.376 loading class java/lang/NoSuchFieldError
Event: 0.376 loading class java/lang/NoSuchFieldError done
Event: 0.376 loading class java/lang/IllegalAccessException
Event: 0.377 loading class java/lang/IllegalAccessException done


Dynamic libraries:
0x00007ff79f9a0000 - 0x00007ff79f9e7000 	C:\Program Files\Java\jdk1.8.0_281\bin\java.exe
0x00007ffa882d0000 - 0x00007ffa884c5000 	C:\WINDOWS\SYSTEM32\ntdll.dll
0x00007ffa87860000 - 0x00007ffa8791d000 	C:\WINDOWS\System32\KERNEL32.DLL
0x00007ffa85b70000 - 0x00007ffa85e38000 	C:\WINDOWS\System32\KERNELBASE.dll
0x00007ffa87670000 - 0x00007ffa8771c000 	C:\WINDOWS\System32\ADVAPI32.dll
0x00007ffa871a0000 - 0x00007ffa8723e000 	C:\WINDOWS\System32\msvcrt.dll
0x00007ffa87510000 - 0x00007ffa875ab000 	C:\WINDOWS\System32\sechost.dll
0x00007ffa86ec0000 - 0x00007ffa86feb000 	C:\WINDOWS\System32\RPCRT4.dll
0x00007ffa87240000 - 0x00007ffa873e0000 	C:\WINDOWS\System32\USER32.dll
0x00007ffa85b10000 - 0x00007ffa85b32000 	C:\WINDOWS\System32\win32u.dll
0x00007ffa875c0000 - 0x00007ffa875ea000 	C:\WINDOWS\System32\GDI32.dll
0x00007ffa85f70000 - 0x00007ffa8607b000 	C:\WINDOWS\System32\gdi32full.dll
0x00007ffa861e0000 - 0x00007ffa8627d000 	C:\WINDOWS\System32\msvcp_win.dll
0x00007ffa85a10000 - 0x00007ffa85b10000 	C:\WINDOWS\System32\ucrtbase.dll
0x00007ffa6cdc0000 - 0x00007ffa6d05a000 	C:\WINDOWS\WinSxS\amd64_microsoft.windows.common-controls_6595b64144ccf1df_6.0.19041.844_none_ca00b6081b84eb1d\COMCTL32.dll
0x00007ffa86410000 - 0x00007ffa86440000 	C:\WINDOWS\System32\IMM32.DLL
0x00007ffa7f370000 - 0x00007ffa7f385000 	C:\Program Files\Java\jdk1.8.0_281\jre\bin\vcruntime140.dll
0x00007ffa79d40000 - 0x00007ffa79ddb000 	C:\Program Files\Java\jdk1.8.0_281\jre\bin\msvcp140.dll
0x000000006cb90000 - 0x000000006d3ef000 	C:\Program Files\Java\jdk1.8.0_281\jre\bin\server\jvm.dll
0x00007ffa875f0000 - 0x00007ffa875f8000 	C:\WINDOWS\System32\PSAPI.DLL
0x00007ffa6e4c0000 - 0x00007ffa6e4c9000 	C:\WINDOWS\SYSTEM32\WSOCK32.dll
0x00007ffa87600000 - 0x00007ffa8766b000 	C:\WINDOWS\System32\WS2_32.dll
0x00007ffa7a3b0000 - 0x00007ffa7a3d7000 	C:\WINDOWS\SYSTEM32\WINMM.dll
0x00007ffa7caa0000 - 0x00007ffa7caaa000 	C:\WINDOWS\SYSTEM32\VERSION.dll
0x00007ffa839f0000 - 0x00007ffa83a02000 	C:\WINDOWS\SYSTEM32\kernel.appcore.dll
0x00007ffa80050000 - 0x00007ffa80060000 	C:\Program Files\Java\jdk1.8.0_281\jre\bin\verify.dll
0x00007ffa7f330000 - 0x00007ffa7f35b000 	C:\Program Files\Java\jdk1.8.0_281\jre\bin\java.dll
0x00007ffa7f2a0000 - 0x00007ffa7f2d0000 	C:\Program Files\Java\jdk1.8.0_281\jre\bin\instrument.dll
0x00007ffa7ec50000 - 0x00007ffa7ec68000 	C:\Program Files\Java\jdk1.8.0_281\jre\bin\zip.dll
0x00007ffa865d0000 - 0x00007ffa86d12000 	C:\WINDOWS\System32\SHELL32.dll
0x00007ffa83b60000 - 0x00007ffa842f0000 	C:\WINDOWS\SYSTEM32\windows.storage.dll
0x00007ffa87f30000 - 0x00007ffa88285000 	C:\WINDOWS\System32\combase.dll
0x00007ffa853b0000 - 0x00007ffa853dc000 	C:\WINDOWS\SYSTEM32\Wldp.dll
0x00007ffa86520000 - 0x00007ffa865ce000 	C:\WINDOWS\System32\SHCORE.dll
0x00007ffa87720000 - 0x00007ffa87775000 	C:\WINDOWS\System32\shlwapi.dll
0x00007ffa85950000 - 0x00007ffa8596f000 	C:\WINDOWS\SYSTEM32\profapi.dll
0x00007ffa7e5f0000 - 0x00007ffa7e60a000 	C:\Program Files\JetBrains\IntelliJ IDEA 2020.3\bin\breakgen64.dll
0x00007ffa7cbe0000 - 0x00007ffa7cbfc000 	C:\Program Files\Java\jdk1.8.0_281\jre\bin\net.dll
0x00007ffa85120000 - 0x00007ffa8518a000 	C:\WINDOWS\system32\mswsock.dll
0x00007ffa54300000 - 0x00007ffa54495000 	C:\Program Files\Java\jdk1.8.0_281\jre\bin\awt.dll
0x00007ffa87790000 - 0x00007ffa8785d000 	C:\WINDOWS\System32\OLEAUT32.dll
0x00007ffa82cb0000 - 0x00007ffa82d40000 	C:\WINDOWS\SYSTEM32\apphelp.dll

VM Arguments:
jvm_args: -javaagent:C:\Program Files\JetBrains\IntelliJ IDEA 2020.3\lib\idea_rt.jar=53766:C:\Program Files\JetBrains\IntelliJ IDEA 2020.3\bin -Dfile.encoding=UTF-8 
java_command: com.muc.Main_Client
java_class_path (initial): C:\Program Files\Java\jdk1.8.0_281\jre\lib\charsets.jar;C:\Program Files\Java\jdk1.8.0_281\jre\lib\deploy.jar;C:\Program Files\Java\jdk1.8.0_281\jre\lib\ext\access-bridge-64.jar;C:\Program Files\Java\jdk1.8.0_281\jre\lib\ext\cldrdata.jar;C:\Program Files\Java\jdk1.8.0_281\jre\lib\ext\dnsns.jar;C:\Program Files\Java\jdk1.8.0_281\jre\lib\ext\jaccess.jar;C:\Program Files\Java\jdk1.8.0_281\jre\lib\ext\jfxrt.jar;C:\Program Files\Java\jdk1.8.0_281\jre\lib\ext\localedata.jar;C:\Program Files\Java\jdk1.8.0_281\jre\lib\ext\nashorn.jar;C:\Program Files\Java\jdk1.8.0_281\jre\lib\ext\sunec.jar;C:\Program Files\Java\jdk1.8.0_281\jre\lib\ext\sunjce_provider.jar;C:\Program Files\Java\jdk1.8.0_281\jre\lib\ext\sunmscapi.jar;C:\Program Files\Java\jdk1.8.0_281\jre\lib\ext\sunpkcs11.jar;C:\Program Files\Java\jdk1.8.0_281\jre\lib\ext\zipfs.jar;C:\Program Files\Java\jdk1.8.0_281\jre\lib\javaws.jar;C:\Program Files\Java\jdk1.8.0_281\jre\lib\jce.jar;C:\Program Files\Java\jdk1.8.0_281\jre\lib\jfr.jar;C:\Program Files\Java\jdk1.8.0_281\jre\lib\jfxswt.jar;C:\Program Files\Java\jdk1.8.0_281\jre\lib\jsse.jar;C:\Program Files\Java\jdk1.8.0_281\jre\lib\management-agent.jar;C:\Program Files\Java\jdk1.8.0_281\jre\lib\plugin.jar;C:\Program Files\Java\jdk1.8.0_281\jre\lib\resources.jar;C:\Program Files\Java\jdk1.8.0_281\jre\lib\rt.jar;O:\MyStuff\Files\mySpace\Projects\ENSA\JAVA\BreadCost\out\production\ChatClient;O:\MyStuff\Files\mySpace\Projects\ENSA\JAVA\BreadCost\ChatClient\lib\commons-lang3-3.4.jar;O:\MyStuff\Files\mySpace\Projects\ENSA\JAVA\BreadCost\ChatClient\lib\javax.activation-1.2.0.jar;O:\MyStuff\Files\mySpace\Projects\ENSA\JAVA\BreadCost\ChatClient\lib\mysql-connector-java-8.0.23.jar;O:\MyStuff\Files\mySpace\Projects\ENSA\JAVA\javax.activation-1.2.0.jar;O:\MyStuff\Files\mySpace\Projects\ENSA\JAVA\mysql-connector-java-8.0.23.jar;C:\Program Files\JetBrains\IntelliJ IDEA 2020.3\lib\idea_rt.jar
Launcher Type: SUN_STANDARD

Environment Variables:
JAVA_HOME=C:\Users\Fujitsu\AppData\Local\Programs\AdoptOpenJDK\jdk-11.0.9.11-hotspot\
PATH=O:\OracleDatabaseXE18c\dbhomeXE\bin;O:\Important Programs\VMware\bin\;C:\Python39\Scripts\;C:\Python39\;C:\ProgramData\Oracle\Java\javapath;C:\Program Files\Common Files\Oracle\Java\javapath;C:\WINDOWS\system32;C:\WINDOWS;C:\WINDOWS\System32\Wbem;C:\WINDOWS\System32\WindowsPowerShell\v1.0\;C:\WINDOWS\System32\OpenSSH\;C:\Program Files\Microsoft VS Code\bin;C:\Program Files\dotnet\;C:\Program Files\Java\jdk-15.0.1\bin;C:\Program Files\nodejs\;C:\ProgramData\chocolatey\bin;C:\Program Files\Git\cmd;C:\php;C:\Users\Fujitsu\AppData\Local\Programs\AdoptOpenJDK\jdk-11.0.9.11-hotspot\bin;C:\Users\Fujitsu\AppData\Local\Microsoft\WindowsApps;O:\Important Programs\DataGrip 2020.2.3\bin;;C:\Users\Fujitsu\AppData\Roaming\npm;C:\Users\Fujitsu\AppData\Local\GitHubDesktop\bin;C:\Program Files\JetBrains\IntelliJ IDEA 2020.3\bin;;C:\Program Files\JetBrains\JetBrains Rider 2020.2.4\bin;;;C:\Program Files\JetBrains\PyCharm Community Edition 2020.3.3\bin;;C:\Program Files\JetBrains\PhpStorm 2020.3.3\bin;;C:\Program Files\IBM\Cloud\bin;C:\Users\Fujitsu\AppData\Local\JetBrains\WebStorm 2020.3.3\bin;
USERNAME=Fujitsu
OS=Windows_NT
PROCESSOR_IDENTIFIER=Intel64 Family 6 Model 142 Stepping 9, GenuineIntel



---------------  S Y S T E M  ---------------

OS: Windows 10.0 , 64 bit Build 19041 (10.0.19041.928)

CPU:total 4 (initial active 4) (2 cores per cpu, 2 threads per core) family 6 model 142 stepping 9, cmov, cx8, fxsr, mmx, sse, sse2, sse3, ssse3, sse4.1, sse4.2, popcnt, avx, avx2, aes, clmul, erms, 3dnowpref, lzcnt, ht, tsc, tscinvbit, bmi1, bmi2, adx

Memory: 4k page, physical 8282500k(989768k free), swap 14524804k(4428k free)

vm_info: Java HotSpot(TM) 64-Bit Server VM (25.281-b09) for windows-amd64 JRE (1.8.0_281-b09), built on Dec  9 2020 13:54:07 by "" with MS VC++ 15.9 (VS2017)

time: Thu May 20 14:54:34 2021
timezone: Morocco Summer Time
elapsed time: 0.399975 seconds (0d 0h 0m 0s)

